[06/20/2023 02:17:30]:           __             _       
[06/20/2023 02:17:30]:   _ __   / /  ___   __ _(_)_ __  
[06/20/2023 02:17:30]:  | '_ \ / /  / _ \ / _` | | '_ \ 
[06/20/2023 02:17:30]:  | | | / /__| (_) | (_| | | | | |
[06/20/2023 02:17:30]:  |_| |_\____/\___/ \__, |_|_| |_|
[06/20/2023 02:17:30]:                   |___/            
[06/20/2023 02:17:30]:  By: www.nickuc.com - V 10.1.16
[06/20/2023 02:17:30]: 
[06/20/2023 02:17:30]: §3[nLogin] [DEBUG] Detecting hardware and software configurations...
[06/20/2023 02:17:31]: §3[nLogin] [DEBUG] All settings were loaded in 127 ms.
[06/20/2023 02:17:31]: §3[nLogin] [DEBUG] Loading the messages_vi.yml message file...
[06/20/2023 02:17:31]: §3[nLogin] [DEBUG] All plugin messages were loaded in 42 ms (languageByClient=false).
[06/20/2023 02:17:31]: §3[nLogin] [DEBUG] All proxy settings were loaded in 0 ms.
[06/20/2023 02:17:31]: §3[nLogin] [DEBUG] Starting logger filter...
[06/20/2023 02:17:31]: §3[nLogin] [DEBUG] Loading database...
[06/20/2023 02:17:31]: §3[nLogin] [DEBUG] A plugin conversion is available.
[06/20/2023 02:17:31]: [nLogin] nLogin was loaded in 883ms.
[06/20/2023 02:29:20]: §3[nLogin] [DEBUG] The .Chanhne player entered incorrect account password ~ 117.5.157.81
[06/20/2023 02:29:50]: §3[nLogin] [DEBUG] [SQLite] [UPDATE]: "UPDATE `nlogin` SET `realname` = '.Chanhne', `uniqueId` = 2f3c94f2a9ca3270b7ac6e720e2c8013,  `premiumId` = null,  `premium` = -1,  `password` = '$SHA512$7202b7e8fa5322659a63b41674ded96d85f8cc10fcd6ed2c7483c0167282cf118ac38e1d06995289c1c9636b226b390db2c9c0d9370efa82131862c9f2967ab2$VixHEtrafJpoOFksAiNcxtPU', `address` = '117.5.157.81', `regdate` = 2023-06-18 00:43:43.104, `lastlogin` = 2023-06-20 02:29:50.581, `email` = null, `twitter` = null, `discord` = null, `settings` = '{"settings":[{"value":"HxCcXcY9VAeqmE6KAzjNTHSt3dGeeCCjfWdEehsmu61gYfPOAW9hDgVcCMF5B29qFUpu/LXyMUNdTb7BhXSX3m3nSgSWfTBebACrLkm5z67kclMQTeLwuxVO745SaWQFfDzdxICX1nQjdFRTHfmgWcflz3AP7yD3ueYn6Pjwle3I6uVECY7PItqKtzL5edTPz5psvgZ3GfpIBWSlEK+zvIvMOGSPe5aKsBZHcsRtm1zWYA52nZwK3BoKF7BRe+xOsKweWuUDwo2EYBFVN7RQtmMjuMD0X3hSm142WAWmNnAorabR7AbIBkMZSPOqRzDEF7VZaJI4TQJBB4KXrqUAqdfU1FMwV8uDhRZU4mpHJyfhBFCMXD9YGQwjHvGMPtfZomLKuhqEBJacHSGdG0OiqLfUA3NockId76uyCHevcf7iKHjngCutJudk2KVRhHFHVjkYXlLMCzfN4Io6A9igYyzMTi5/HbrsbijNemsUZiGxoJg4pW1MywfeNhSjw+0vss1J+xpt/LPPgljiBiZzgOy6Zc4t4Iq/5GU6qfttxoZtfzezNQJVH25KLNmipTUSs1ZbhuKeFPyOWJ3lNWx41qN103V7DTaL6Rgu/r6KfDEGAmlDoyLpLdrlHk5wXOWyMQ5gcmZPNpK8iGEjJ0C7nEhI0D/DYRjSmHJZnCvDTn4=:3aHp+ZamS5AbmxElE9nuKi6yV7QzkbpBlBjmQqoqW2jUXvD9mt6KGA9zW8uUgZkW62Rh4mA=","key":"encrypted"}],"version":0}' WHERE `id` = 2"
[06/20/2023 02:29:50]: [nLogin] The user .Chanhne has successfully logged in.
[06/20/2023 02:38:40]: §3[nLogin] [DEBUG] [SQLite] [UPDATE]: "UPDATE `nlogin` SET `realname` = '.Chanhne', `uniqueId` = 2f3c94f2a9ca3270b7ac6e720e2c8013,  `premiumId` = null,  `premium` = -1,  `password` = '$SHA512$7202b7e8fa5322659a63b41674ded96d85f8cc10fcd6ed2c7483c0167282cf118ac38e1d06995289c1c9636b226b390db2c9c0d9370efa82131862c9f2967ab2$VixHEtrafJpoOFksAiNcxtPU', `address` = '117.5.157.81', `regdate` = 2023-06-18 00:43:43.104, `lastlogin` = 2023-06-20 02:38:40.281, `email` = null, `twitter` = null, `discord` = null, `settings` = '{"settings":[{"value":"HxCcXcY9VAeqmE6KAzjNTHSt3dGeeCCjfWdEehsmu61gYfPOAW9hDgVcCMF5B29qFUpu/LXyMUNdTb7BhXSX3m3nSgSWfTBebACrLkm5z67kclMQTeLwuxVO745SaWQFfDzdxICX1nQjdFRTHfmgWcflz3AP7yD3ueYn6Pjwle3I6uVECY7PItqKtzL5edTPz5psvgZ3GfpIBWSlEK+zvIvMOGSPe5aKsBZHcsRtm1zWYA52nZwK3BoKF7BRe+xOsKweWuUDwo2EYBFVN7RQtmMjuMD0X3hSm142WAWmNnAorabR7AbIBkMZSPOqRzDEF7VZaJI4TQJBB4KXrqUAqdfU1FMwV8uDhRZU4mpHJyfhBFCMXD9YGQwjHvGMPtfZomLKuhqEBJacHSGdG0OiqLfUA3NockId76uyCHevcf7iKHjngCutJudk2KVRhHFHVjkYXlLMCzfN4Io6A9igYyzMTi5/HbrsbijNemsUZiGxoJg4pW1MywfeNhSjw+0vss1J+xpt/LPPgljiBiZzgOy6Zc4t4Iq/5GU6qfttxoZtfzezNQJVH25KLNmipTUSs1ZbhuKeFPyOWJ3lNWx41qN103V7DTaL6Rgu/r6KfDEGAmlDoyLpLdrlHk5wXOWyMQ5gcmZPNpK8iGEjJ0C7nEhI0D/DYRjSmHJZnCvDTn4=:3aHp+ZamS5AbmxElE9nuKi6yV7QzkbpBlBjmQqoqW2jUXvD9mt6KGA9zW8uUgZkW62Rh4mA=","key":"encrypted"}],"version":0}' WHERE `id` = 2"
[06/20/2023 02:38:40]: [nLogin] The user .Chanhne has successfully logged in.
[06/20/2023 02:40:10]: §3[nLogin] [DEBUG] All settings were loaded in 2 ms.
[06/20/2023 02:40:10]: §3[nLogin] [DEBUG] Loading the messages_vi.yml message file...
[06/20/2023 02:40:10]: §3[nLogin] [DEBUG] All plugin messages were loaded in 4 ms (languageByClient=false).
[06/20/2023 02:40:10]: §3[nLogin] [DEBUG] All proxy settings were loaded in 0 ms.
[06/20/2023 02:42:37]: §3[nLogin] [DEBUG] The config.yml file was created successfully.
[06/20/2023 02:42:37]: §3[nLogin] [DEBUG] All settings were loaded in 6 ms.
[06/20/2023 02:42:37]: §3[nLogin] [DEBUG] Loading the messages_en.yml message file...
[06/20/2023 02:42:37]: §3[nLogin] [DEBUG] All plugin messages were loaded in 5 ms (languageByClient=false).
[06/20/2023 02:42:37]: §3[nLogin] [DEBUG] All proxy settings were loaded in 0 ms.
[06/20/2023 02:45:38]: §3[nLogin] [DEBUG] All settings were loaded in 2 ms.
[06/20/2023 02:45:38]: §3[nLogin] [DEBUG] Loading the messages_vi.yml message file...
[06/20/2023 02:45:38]: §3[nLogin] [DEBUG] All plugin messages were loaded in 3 ms (languageByClient=false).
[06/20/2023 02:45:38]: §3[nLogin] [DEBUG] All proxy settings were loaded in 0 ms.
[06/20/2023 02:46:50]: §3[nLogin] [DEBUG] [SQLite] [UPDATE]: "UPDATE `nlogin` SET `realname` = '.Chanhne', `uniqueId` = 2f3c94f2a9ca3270b7ac6e720e2c8013,  `premiumId` = null,  `premium` = -1,  `password` = '$SHA512$7202b7e8fa5322659a63b41674ded96d85f8cc10fcd6ed2c7483c0167282cf118ac38e1d06995289c1c9636b226b390db2c9c0d9370efa82131862c9f2967ab2$VixHEtrafJpoOFksAiNcxtPU', `address` = '117.5.157.81', `regdate` = 2023-06-18 00:43:43.104, `lastlogin` = 2023-06-20 02:46:50.431, `email` = null, `twitter` = null, `discord` = null, `settings` = '{"settings":[{"value":"HxCcXcY9VAeqmE6KAzjNTHSt3dGeeCCjfWdEehsmu61gYfPOAW9hDgVcCMF5B29qFUpu/LXyMUNdTb7BhXSX3m3nSgSWfTBebACrLkm5z67kclMQTeLwuxVO745SaWQFfDzdxICX1nQjdFRTHfmgWcflz3AP7yD3ueYn6Pjwle3I6uVECY7PItqKtzL5edTPz5psvgZ3GfpIBWSlEK+zvIvMOGSPe5aKsBZHcsRtm1zWYA52nZwK3BoKF7BRe+xOsKweWuUDwo2EYBFVN7RQtmMjuMD0X3hSm142WAWmNnAorabR7AbIBkMZSPOqRzDEF7VZaJI4TQJBB4KXrqUAqdfU1FMwV8uDhRZU4mpHJyfhBFCMXD9YGQwjHvGMPtfZomLKuhqEBJacHSGdG0OiqLfUA3NockId76uyCHevcf7iKHjngCutJudk2KVRhHFHVjkYXlLMCzfN4Io6A9igYyzMTi5/HbrsbijNemsUZiGxoJg4pW1MywfeNhSjw+0vss1J+xpt/LPPgljiBiZzgOy6Zc4t4Iq/5GU6qfttxoZtfzezNQJVH25KLNmipTUSs1ZbhuKeFPyOWJ3lNWx41qN103V7DTaL6Rgu/r6KfDEGAmlDoyLpLdrlHk5wXOWyMQ5gcmZPNpK8iGEjJ0C7nEhI0D/DYRjSmHJZnCvDTn4=:3aHp+ZamS5AbmxElE9nuKi6yV7QzkbpBlBjmQqoqW2jUXvD9mt6KGA9zW8uUgZkW62Rh4mA=","key":"encrypted"}],"version":0}' WHERE `id` = 2"
[06/20/2023 02:46:50]: [nLogin] The user .Chanhne has successfully logged in.
[06/20/2023 02:53:51]: §3[nLogin] [DEBUG] All settings were loaded in 2 ms.
[06/20/2023 02:53:51]: §3[nLogin] [DEBUG] Loading the messages_vi.yml message file...
[06/20/2023 02:53:51]: §3[nLogin] [DEBUG] All plugin messages were loaded in 4 ms (languageByClient=false).
[06/20/2023 02:53:51]: §3[nLogin] [DEBUG] All proxy settings were loaded in 0 ms.
[06/20/2023 02:54:55]: §3[nLogin] [DEBUG] [SQLite] [UPDATE]: "UPDATE `nlogin` SET `realname` = '.Chanhne', `uniqueId` = 2f3c94f2a9ca3270b7ac6e720e2c8013,  `premiumId` = null,  `premium` = -1,  `password` = '$SHA512$7202b7e8fa5322659a63b41674ded96d85f8cc10fcd6ed2c7483c0167282cf118ac38e1d06995289c1c9636b226b390db2c9c0d9370efa82131862c9f2967ab2$VixHEtrafJpoOFksAiNcxtPU', `address` = '117.5.157.81', `regdate` = 2023-06-18 00:43:43.104, `lastlogin` = 2023-06-20 02:54:55.634, `email` = null, `twitter` = null, `discord` = null, `settings` = '{"settings":[{"value":"HxCcXcY9VAeqmE6KAzjNTHSt3dGeeCCjfWdEehsmu61gYfPOAW9hDgVcCMF5B29qFUpu/LXyMUNdTb7BhXSX3m3nSgSWfTBebACrLkm5z67kclMQTeLwuxVO745SaWQFfDzdxICX1nQjdFRTHfmgWcflz3AP7yD3ueYn6Pjwle3I6uVECY7PItqKtzL5edTPz5psvgZ3GfpIBWSlEK+zvIvMOGSPe5aKsBZHcsRtm1zWYA52nZwK3BoKF7BRe+xOsKweWuUDwo2EYBFVN7RQtmMjuMD0X3hSm142WAWmNnAorabR7AbIBkMZSPOqRzDEF7VZaJI4TQJBB4KXrqUAqdfU1FMwV8uDhRZU4mpHJyfhBFCMXD9YGQwjHvGMPtfZomLKuhqEBJacHSGdG0OiqLfUA3NockId76uyCHevcf7iKHjngCutJudk2KVRhHFHVjkYXlLMCzfN4Io6A9igYyzMTi5/HbrsbijNemsUZiGxoJg4pW1MywfeNhSjw+0vss1J+xpt/LPPgljiBiZzgOy6Zc4t4Iq/5GU6qfttxoZtfzezNQJVH25KLNmipTUSs1ZbhuKeFPyOWJ3lNWx41qN103V7DTaL6Rgu/r6KfDEGAmlDoyLpLdrlHk5wXOWyMQ5gcmZPNpK8iGEjJ0C7nEhI0D/DYRjSmHJZnCvDTn4=:3aHp+ZamS5AbmxElE9nuKi6yV7QzkbpBlBjmQqoqW2jUXvD9mt6KGA9zW8uUgZkW62Rh4mA=","key":"encrypted"}],"version":0}' WHERE `id` = 2"
[06/20/2023 02:54:55]: [nLogin] The user .Chanhne has successfully logged in.
[06/20/2023 02:59:36]: §3[nLogin] [DEBUG] [SQLite] [UPDATE]: "UPDATE `nlogin` SET `realname` = '.Chanhne', `uniqueId` = 2f3c94f2a9ca3270b7ac6e720e2c8013,  `premiumId` = null,  `premium` = -1,  `password` = '$SHA512$7202b7e8fa5322659a63b41674ded96d85f8cc10fcd6ed2c7483c0167282cf118ac38e1d06995289c1c9636b226b390db2c9c0d9370efa82131862c9f2967ab2$VixHEtrafJpoOFksAiNcxtPU', `address` = '117.5.157.81', `regdate` = 2023-06-18 00:43:43.104, `lastlogin` = 2023-06-20 02:59:36.48, `email` = null, `twitter` = null, `discord` = null, `settings` = '{"settings":[{"value":"HxCcXcY9VAeqmE6KAzjNTHSt3dGeeCCjfWdEehsmu61gYfPOAW9hDgVcCMF5B29qFUpu/LXyMUNdTb7BhXSX3m3nSgSWfTBebACrLkm5z67kclMQTeLwuxVO745SaWQFfDzdxICX1nQjdFRTHfmgWcflz3AP7yD3ueYn6Pjwle3I6uVECY7PItqKtzL5edTPz5psvgZ3GfpIBWSlEK+zvIvMOGSPe5aKsBZHcsRtm1zWYA52nZwK3BoKF7BRe+xOsKweWuUDwo2EYBFVN7RQtmMjuMD0X3hSm142WAWmNnAorabR7AbIBkMZSPOqRzDEF7VZaJI4TQJBB4KXrqUAqdfU1FMwV8uDhRZU4mpHJyfhBFCMXD9YGQwjHvGMPtfZomLKuhqEBJacHSGdG0OiqLfUA3NockId76uyCHevcf7iKHjngCutJudk2KVRhHFHVjkYXlLMCzfN4Io6A9igYyzMTi5/HbrsbijNemsUZiGxoJg4pW1MywfeNhSjw+0vss1J+xpt/LPPgljiBiZzgOy6Zc4t4Iq/5GU6qfttxoZtfzezNQJVH25KLNmipTUSs1ZbhuKeFPyOWJ3lNWx41qN103V7DTaL6Rgu/r6KfDEGAmlDoyLpLdrlHk5wXOWyMQ5gcmZPNpK8iGEjJ0C7nEhI0D/DYRjSmHJZnCvDTn4=:3aHp+ZamS5AbmxElE9nuKi6yV7QzkbpBlBjmQqoqW2jUXvD9mt6KGA9zW8uUgZkW62Rh4mA=","key":"encrypted"}],"version":0}' WHERE `id` = 2"
[06/20/2023 02:59:36]: [nLogin] The user .Chanhne has successfully logged in.
